<?xml version="1.0" encoding="UTF-8"?>
<!-- Generated by org.testng.reporters.JUnitXMLReporter -->
<testsuite ignored="0" hostname="ayushi" failures="0" tests="7" name="Surefire test" time="0.988" errors="0" timestamp="2021-11-26T03:31:56 IST">
  <testcase classname="com.fooddel.Services.MenuProviderServiceTest" name="test_path1234536 on test_path1234536(com.fooddel.Services.MenuProviderServiceTest)" time="0.311"/>
  <testcase classname="com.fooddel.Services.MenuProviderServiceTest" name="test_path123436 on test_path123436(com.fooddel.Services.MenuProviderServiceTest)" time="0.316"/>
  <testcase classname="com.fooddel.Services.MenuProviderServiceTest" name="test_path1236 on test_path1236(com.fooddel.Services.MenuProviderServiceTest)" time="0.319"/>
  <testcase classname="com.fooddel.Services.MenuProviderServiceTest" name="test_path12343436 on test_path12343436(com.fooddel.Services.MenuProviderServiceTest)" time="0.324"/>
  <testcase classname="com.fooddel.Services.MenuProviderServiceTest" name="test_path1234534536 on test_path1234534536(com.fooddel.Services.MenuProviderServiceTest)" time="0.327"/>
  <testcase classname="com.fooddel.Services.MenuProviderServiceTest" name="test_path123453436 on test_path123453436(com.fooddel.Services.MenuProviderServiceTest)" time="0.329"/>
  <testcase classname="com.fooddel.Services.CustomerServiceTest" name="testGetCustomer on testGetCustomer(com.fooddel.Services.CustomerServiceTest)" time="0.084"/>
</testsuite> <!-- Surefire test -->
